1777738543.624248 client started (20258): version 3.6a, socket /tmp/tmux-1000/default, protocol 8
1777738543.624282 on Linux 7.0.2-arch1-1 #1 SMP PREEMPT_DYNAMIC Mon, 27 Apr 2026 18:22:44 +0000
1777738543.624294 using libevent 2.1.12-stable poll
1777738543.624300 using ncurses 6.5 20240427
1777738543.624317 flags are 0x18010000
1777738543.624334 socket is /tmp/tmux-1000/default
1777738543.624351 trying connect
1777738543.624407 add peer 0x559da87eef70: 6 ((nil))
1777738543.624519 sending message 111 to peer 0x559da87eef70 (8 bytes)
1777738543.624531 sending message 111 to peer 0x559da87eef70 (8 bytes)
1777738543.624537 sending message 101 to peer 0x559da87eef70 (12 bytes)
1777738543.624542 sending message 109 to peer 0x559da87eef70 (4 bytes)
1777738543.624548 sending message 102 to peer 0x559da87eef70 (1 bytes)
1777738543.624554 sending message 108 to peer 0x559da87eef70 (37 bytes)
1777738543.624560 sending message 104 to peer 0x559da87eef70 (0 bytes)
1777738543.624567 sending message 110 to peer 0x559da87eef70 (0 bytes)
1777738543.624573 sending message 107 to peer 0x559da87eef70 (4 bytes)
1777738543.624580 sending message 105 to peer 0x559da87eef70 (20 bytes)
1777738543.624586 sending message 105 to peer 0x559da87eef70 (20 bytes)
1777738543.624591 sending message 105 to peer 0x559da87eef70 (29 bytes)
1777738543.624596 sending message 105 to peer 0x559da87eef70 (38 bytes)
1777738543.624602 sending message 105 to peer 0x559da87eef70 (25 bytes)
1777738543.624608 sending message 105 to peer 0x559da87eef70 (58 bytes)
1777738543.624613 sending message 105 to peer 0x559da87eef70 (26 bytes)
1777738543.624618 sending message 105 to peer 0x559da87eef70 (20 bytes)
1777738543.624624 sending message 105 to peer 0x559da87eef70 (42 bytes)
1777738543.624630 sending message 105 to peer 0x559da87eef70 (39 bytes)
1777738543.624635 sending message 105 to peer 0x559da87eef70 (8 bytes)
1777738543.624641 sending message 105 to peer 0x559da87eef70 (51 bytes)
1777738543.624646 sending message 105 to peer 0x559da87eef70 (30 bytes)
1777738543.624652 sending message 105 to peer 0x559da87eef70 (64 bytes)
1777738543.624657 sending message 105 to peer 0x559da87eef70 (15 bytes)
1777738543.624664 sending message 105 to peer 0x559da87eef70 (16 bytes)
1777738543.624670 sending message 105 to peer 0x559da87eef70 (12 bytes)
1777738543.624676 sending message 105 to peer 0x559da87eef70 (15 bytes)
1777738543.624681 sending message 105 to peer 0x559da87eef70 (41 bytes)
1777738543.624687 sending message 105 to peer 0x559da87eef70 (17 bytes)
1777738543.624693 sending message 105 to peer 0x559da87eef70 (29 bytes)
1777738543.624699 sending message 105 to peer 0x559da87eef70 (25 bytes)
1777738543.624705 sending message 105 to peer 0x559da87eef70 (21 bytes)
1777738543.624710 sending message 105 to peer 0x559da87eef70 (16 bytes)
1777738543.624717 sending message 105 to peer 0x559da87eef70 (60 bytes)
1777738543.624724 sending message 105 to peer 0x559da87eef70 (27 bytes)
1777738543.624731 sending message 105 to peer 0x559da87eef70 (15 bytes)
1777738543.624738 sending message 105 to peer 0x559da87eef70 (18 bytes)
1777738543.624745 sending message 105 to peer 0x559da87eef70 (20 bytes)
1777738543.624752 sending message 105 to peer 0x559da87eef70 (11 bytes)
1777738543.624757 sending message 105 to peer 0x559da87eef70 (17 bytes)
1777738543.624763 sending message 105 to peer 0x559da87eef70 (30 bytes)
1777738543.624770 sending message 105 to peer 0x559da87eef70 (29 bytes)
1777738543.624776 sending message 105 to peer 0x559da87eef70 (148 bytes)
1777738543.624783 sending message 105 to peer 0x559da87eef70 (20 bytes)
1777738543.624788 sending message 105 to peer 0x559da87eef70 (26 bytes)
1777738543.624795 sending message 105 to peer 0x559da87eef70 (18 bytes)
1777738543.624801 sending message 105 to peer 0x559da87eef70 (52 bytes)
1777738543.624807 sending message 105 to peer 0x559da87eef70 (53 bytes)
1777738543.624813 sending message 105 to peer 0x559da87eef70 (47 bytes)
1777738543.624818 sending message 105 to peer 0x559da87eef70 (15 bytes)
1777738543.624823 sending message 105 to peer 0x559da87eef70 (15 bytes)
1777738543.624843 sending message 105 to peer 0x559da87eef70 (38 bytes)
1777738543.624857 sending message 105 to peer 0x559da87eef70 (47 bytes)
1777738543.624864 sending message 105 to peer 0x559da87eef70 (37 bytes)
1777738543.624870 sending message 105 to peer 0x559da87eef70 (23 bytes)
1777738543.624877 sending message 105 to peer 0x559da87eef70 (33 bytes)
1777738543.624884 sending message 105 to peer 0x559da87eef70 (17 bytes)
1777738543.624892 sending message 105 to peer 0x559da87eef70 (14 bytes)
1777738543.624898 sending message 105 to peer 0x559da87eef70 (91 bytes)
1777738543.624906 sending message 105 to peer 0x559da87eef70 (12 bytes)
1777738543.624913 sending message 105 to peer 0x559da87eef70 (44 bytes)
1777738543.624919 sending message 105 to peer 0x559da87eef70 (11 bytes)
1777738543.624926 sending message 105 to peer 0x559da87eef70 (8 bytes)
1777738543.624934 sending message 105 to peer 0x559da87eef70 (21 bytes)
1777738543.624940 sending message 105 to peer 0x559da87eef70 (11 bytes)
1777738543.624947 sending message 105 to peer 0x559da87eef70 (51 bytes)
1777738543.624954 sending message 105 to peer 0x559da87eef70 (17 bytes)
1777738543.624960 sending message 105 to peer 0x559da87eef70 (21 bytes)
1777738543.624966 sending message 105 to peer 0x559da87eef70 (43 bytes)
1777738543.624974 sending message 105 to peer 0x559da87eef70 (31 bytes)
1777738543.624982 sending message 105 to peer 0x559da87eef70 (50 bytes)
1777738543.624989 sending message 105 to peer 0x559da87eef70 (39 bytes)
1777738543.624996 sending message 105 to peer 0x559da87eef70 (24 bytes)
1777738543.625001 sending message 105 to peer 0x559da87eef70 (36 bytes)
1777738543.625007 sending message 105 to peer 0x559da87eef70 (42 bytes)
1777738543.625013 sending message 105 to peer 0x559da87eef70 (253 bytes)
1777738543.625020 sending message 105 to peer 0x559da87eef70 (15 bytes)
1777738543.625051 sending message 105 to peer 0x559da87eef70 (54 bytes)
1777738543.625061 sending message 105 to peer 0x559da87eef70 (30 bytes)
1777738543.625069 sending message 105 to peer 0x559da87eef70 (124 bytes)
1777738543.625076 sending message 105 to peer 0x559da87eef70 (38 bytes)
1777738543.625082 sending message 105 to peer 0x559da87eef70 (22 bytes)
1777738543.625088 sending message 105 to peer 0x559da87eef70 (19 bytes)
1777738543.625096 sending message 106 to peer 0x559da87eef70 (0 bytes)
1777738543.625172 cmd_pack_argv: argv[0]=new-session
1777738543.625184 cmd_pack_argv: argv[1]=-d
1777738543.625190 cmd_pack_argv: argv[2]=-s
1777738543.625195 cmd_pack_argv: argv[3]=test-verbose
1777738543.625201 sending message 200 to peer 0x559da87eef70 (35 bytes)
1777738543.625206 client loop enter
1777738543.628786 peer 0x559da87eef70 message 203
1777738543.628816 client loop exit
