1777738491.464468 client started (19880): version 3.6a, socket /tmp/tmux-1000/default, protocol 8
1777738491.464504 on Linux 7.0.2-arch1-1 #1 SMP PREEMPT_DYNAMIC Mon, 27 Apr 2026 18:22:44 +0000
1777738491.464517 using libevent 2.1.12-stable poll
1777738491.464521 using ncurses 6.5 20240427
1777738491.464536 flags are 0x18010000
1777738491.464549 socket is /tmp/tmux-1000/default
1777738491.464563 trying connect
1777738491.464609 add peer 0x56456224bf70: 6 ((nil))
1777738491.464714 sending message 111 to peer 0x56456224bf70 (8 bytes)
1777738491.464726 sending message 111 to peer 0x56456224bf70 (8 bytes)
1777738491.464731 sending message 101 to peer 0x56456224bf70 (12 bytes)
1777738491.464735 sending message 109 to peer 0x56456224bf70 (4 bytes)
1777738491.464738 sending message 102 to peer 0x56456224bf70 (1 bytes)
1777738491.464742 sending message 108 to peer 0x56456224bf70 (37 bytes)
1777738491.464747 sending message 104 to peer 0x56456224bf70 (0 bytes)
1777738491.464751 sending message 110 to peer 0x56456224bf70 (0 bytes)
1777738491.464756 sending message 107 to peer 0x56456224bf70 (4 bytes)
1777738491.464760 sending message 105 to peer 0x56456224bf70 (20 bytes)
1777738491.464764 sending message 105 to peer 0x56456224bf70 (20 bytes)
1777738491.464768 sending message 105 to peer 0x56456224bf70 (29 bytes)
1777738491.464772 sending message 105 to peer 0x56456224bf70 (38 bytes)
1777738491.464775 sending message 105 to peer 0x56456224bf70 (25 bytes)
1777738491.464779 sending message 105 to peer 0x56456224bf70 (58 bytes)
1777738491.464783 sending message 105 to peer 0x56456224bf70 (26 bytes)
1777738491.464787 sending message 105 to peer 0x56456224bf70 (20 bytes)
1777738491.464792 sending message 105 to peer 0x56456224bf70 (42 bytes)
1777738491.464796 sending message 105 to peer 0x56456224bf70 (39 bytes)
1777738491.464802 sending message 105 to peer 0x56456224bf70 (8 bytes)
1777738491.464809 sending message 105 to peer 0x56456224bf70 (51 bytes)
1777738491.464815 sending message 105 to peer 0x56456224bf70 (30 bytes)
1777738491.464821 sending message 105 to peer 0x56456224bf70 (64 bytes)
1777738491.464828 sending message 105 to peer 0x56456224bf70 (15 bytes)
1777738491.464834 sending message 105 to peer 0x56456224bf70 (16 bytes)
1777738491.464839 sending message 105 to peer 0x56456224bf70 (12 bytes)
1777738491.464845 sending message 105 to peer 0x56456224bf70 (15 bytes)
1777738491.464851 sending message 105 to peer 0x56456224bf70 (41 bytes)
1777738491.464857 sending message 105 to peer 0x56456224bf70 (17 bytes)
1777738491.464864 sending message 105 to peer 0x56456224bf70 (29 bytes)
1777738491.464870 sending message 105 to peer 0x56456224bf70 (25 bytes)
1777738491.464876 sending message 105 to peer 0x56456224bf70 (21 bytes)
1777738491.464882 sending message 105 to peer 0x56456224bf70 (16 bytes)
1777738491.464887 sending message 105 to peer 0x56456224bf70 (60 bytes)
1777738491.464893 sending message 105 to peer 0x56456224bf70 (27 bytes)
1777738491.464898 sending message 105 to peer 0x56456224bf70 (15 bytes)
1777738491.464903 sending message 105 to peer 0x56456224bf70 (18 bytes)
1777738491.464908 sending message 105 to peer 0x56456224bf70 (20 bytes)
1777738491.464914 sending message 105 to peer 0x56456224bf70 (11 bytes)
1777738491.464919 sending message 105 to peer 0x56456224bf70 (17 bytes)
1777738491.464924 sending message 105 to peer 0x56456224bf70 (30 bytes)
1777738491.464930 sending message 105 to peer 0x56456224bf70 (29 bytes)
1777738491.464936 sending message 105 to peer 0x56456224bf70 (148 bytes)
1777738491.464941 sending message 105 to peer 0x56456224bf70 (20 bytes)
1777738491.464947 sending message 105 to peer 0x56456224bf70 (26 bytes)
1777738491.464952 sending message 105 to peer 0x56456224bf70 (18 bytes)
1777738491.464957 sending message 105 to peer 0x56456224bf70 (52 bytes)
1777738491.464962 sending message 105 to peer 0x56456224bf70 (53 bytes)
1777738491.464967 sending message 105 to peer 0x56456224bf70 (47 bytes)
1777738491.464973 sending message 105 to peer 0x56456224bf70 (15 bytes)
1777738491.464978 sending message 105 to peer 0x56456224bf70 (15 bytes)
1777738491.464995 sending message 105 to peer 0x56456224bf70 (38 bytes)
1777738491.465009 sending message 105 to peer 0x56456224bf70 (47 bytes)
1777738491.465015 sending message 105 to peer 0x56456224bf70 (37 bytes)
1777738491.465020 sending message 105 to peer 0x56456224bf70 (23 bytes)
1777738491.465053 sending message 105 to peer 0x56456224bf70 (33 bytes)
1777738491.465060 sending message 105 to peer 0x56456224bf70 (17 bytes)
1777738491.465066 sending message 105 to peer 0x56456224bf70 (14 bytes)
1777738491.465071 sending message 105 to peer 0x56456224bf70 (91 bytes)
1777738491.465076 sending message 105 to peer 0x56456224bf70 (12 bytes)
1777738491.465081 sending message 105 to peer 0x56456224bf70 (44 bytes)
1777738491.465087 sending message 105 to peer 0x56456224bf70 (11 bytes)
1777738491.465092 sending message 105 to peer 0x56456224bf70 (8 bytes)
1777738491.465098 sending message 105 to peer 0x56456224bf70 (21 bytes)
1777738491.465103 sending message 105 to peer 0x56456224bf70 (11 bytes)
1777738491.465108 sending message 105 to peer 0x56456224bf70 (51 bytes)
1777738491.465114 sending message 105 to peer 0x56456224bf70 (17 bytes)
1777738491.465119 sending message 105 to peer 0x56456224bf70 (21 bytes)
1777738491.465124 sending message 105 to peer 0x56456224bf70 (43 bytes)
1777738491.465130 sending message 105 to peer 0x56456224bf70 (31 bytes)
1777738491.465135 sending message 105 to peer 0x56456224bf70 (50 bytes)
1777738491.465140 sending message 105 to peer 0x56456224bf70 (39 bytes)
1777738491.465145 sending message 105 to peer 0x56456224bf70 (24 bytes)
1777738491.465150 sending message 105 to peer 0x56456224bf70 (36 bytes)
1777738491.465155 sending message 105 to peer 0x56456224bf70 (42 bytes)
1777738491.465175 sending message 105 to peer 0x56456224bf70 (253 bytes)
1777738491.465194 sending message 105 to peer 0x56456224bf70 (15 bytes)
1777738491.465205 sending message 105 to peer 0x56456224bf70 (54 bytes)
1777738491.465212 sending message 105 to peer 0x56456224bf70 (30 bytes)
1777738491.465219 sending message 105 to peer 0x56456224bf70 (124 bytes)
1777738491.465225 sending message 105 to peer 0x56456224bf70 (38 bytes)
1777738491.465232 sending message 105 to peer 0x56456224bf70 (22 bytes)
1777738491.465238 sending message 105 to peer 0x56456224bf70 (19 bytes)
1777738491.465244 sending message 106 to peer 0x56456224bf70 (0 bytes)
1777738491.465339 cmd_pack_argv: argv[0]=new-session
1777738491.465351 cmd_pack_argv: argv[1]=-d
1777738491.465356 cmd_pack_argv: argv[2]=-s
1777738491.465361 cmd_pack_argv: argv[3]=test-verbose
1777738491.465367 sending message 200 to peer 0x56456224bf70 (35 bytes)
1777738491.465372 client loop enter
1777738491.468115 peer 0x56456224bf70 message 203
1777738491.468139 client loop exit
