1777738350.381666 client started (18626): version 3.6a, socket /tmp/tmux-1000/default, protocol 8
1777738350.381704 on Linux 7.0.2-arch1-1 #1 SMP PREEMPT_DYNAMIC Mon, 27 Apr 2026 18:22:44 +0000
1777738350.381718 using libevent 2.1.12-stable poll
1777738350.381723 using ncurses 6.5 20240427
1777738350.381741 flags are 0x18010000
1777738350.381757 socket is /tmp/tmux-1000/default
1777738350.381772 trying connect
1777738350.381815 add peer 0x55c3320b1f70: 6 ((nil))
1777738350.381915 sending message 111 to peer 0x55c3320b1f70 (8 bytes)
1777738350.381925 sending message 111 to peer 0x55c3320b1f70 (8 bytes)
1777738350.381932 sending message 101 to peer 0x55c3320b1f70 (12 bytes)
1777738350.381937 sending message 109 to peer 0x55c3320b1f70 (4 bytes)
1777738350.381942 sending message 102 to peer 0x55c3320b1f70 (1 bytes)
1777738350.381947 sending message 108 to peer 0x55c3320b1f70 (37 bytes)
1777738350.381953 sending message 104 to peer 0x55c3320b1f70 (0 bytes)
1777738350.381960 sending message 110 to peer 0x55c3320b1f70 (0 bytes)
1777738350.381966 sending message 107 to peer 0x55c3320b1f70 (4 bytes)
1777738350.381971 sending message 105 to peer 0x55c3320b1f70 (20 bytes)
1777738350.381977 sending message 105 to peer 0x55c3320b1f70 (20 bytes)
1777738350.381982 sending message 105 to peer 0x55c3320b1f70 (29 bytes)
1777738350.381988 sending message 105 to peer 0x55c3320b1f70 (38 bytes)
1777738350.381993 sending message 105 to peer 0x55c3320b1f70 (25 bytes)
1777738350.381999 sending message 105 to peer 0x55c3320b1f70 (58 bytes)
1777738350.382004 sending message 105 to peer 0x55c3320b1f70 (26 bytes)
1777738350.382010 sending message 105 to peer 0x55c3320b1f70 (20 bytes)
1777738350.382015 sending message 105 to peer 0x55c3320b1f70 (42 bytes)
1777738350.382020 sending message 105 to peer 0x55c3320b1f70 (39 bytes)
1777738350.382046 sending message 105 to peer 0x55c3320b1f70 (8 bytes)
1777738350.382069 sending message 105 to peer 0x55c3320b1f70 (51 bytes)
1777738350.382077 sending message 105 to peer 0x55c3320b1f70 (30 bytes)
1777738350.382082 sending message 105 to peer 0x55c3320b1f70 (64 bytes)
1777738350.382087 sending message 105 to peer 0x55c3320b1f70 (15 bytes)
1777738350.382093 sending message 105 to peer 0x55c3320b1f70 (16 bytes)
1777738350.382098 sending message 105 to peer 0x55c3320b1f70 (12 bytes)
1777738350.382103 sending message 105 to peer 0x55c3320b1f70 (15 bytes)
1777738350.382109 sending message 105 to peer 0x55c3320b1f70 (41 bytes)
1777738350.382115 sending message 105 to peer 0x55c3320b1f70 (17 bytes)
1777738350.382120 sending message 105 to peer 0x55c3320b1f70 (29 bytes)
1777738350.382126 sending message 105 to peer 0x55c3320b1f70 (25 bytes)
1777738350.382131 sending message 105 to peer 0x55c3320b1f70 (21 bytes)
1777738350.382136 sending message 105 to peer 0x55c3320b1f70 (16 bytes)
1777738350.382142 sending message 105 to peer 0x55c3320b1f70 (60 bytes)
1777738350.382148 sending message 105 to peer 0x55c3320b1f70 (27 bytes)
1777738350.382153 sending message 105 to peer 0x55c3320b1f70 (15 bytes)
1777738350.382158 sending message 105 to peer 0x55c3320b1f70 (18 bytes)
1777738350.382163 sending message 105 to peer 0x55c3320b1f70 (20 bytes)
1777738350.382169 sending message 105 to peer 0x55c3320b1f70 (11 bytes)
1777738350.382174 sending message 105 to peer 0x55c3320b1f70 (17 bytes)
1777738350.382180 sending message 105 to peer 0x55c3320b1f70 (30 bytes)
1777738350.382185 sending message 105 to peer 0x55c3320b1f70 (29 bytes)
1777738350.382190 sending message 105 to peer 0x55c3320b1f70 (148 bytes)
1777738350.382195 sending message 105 to peer 0x55c3320b1f70 (20 bytes)
1777738350.382200 sending message 105 to peer 0x55c3320b1f70 (26 bytes)
1777738350.382206 sending message 105 to peer 0x55c3320b1f70 (18 bytes)
1777738350.382212 sending message 105 to peer 0x55c3320b1f70 (52 bytes)
1777738350.382217 sending message 105 to peer 0x55c3320b1f70 (53 bytes)
1777738350.382223 sending message 105 to peer 0x55c3320b1f70 (47 bytes)
1777738350.382229 sending message 105 to peer 0x55c3320b1f70 (15 bytes)
1777738350.382235 sending message 105 to peer 0x55c3320b1f70 (15 bytes)
1777738350.382252 sending message 105 to peer 0x55c3320b1f70 (38 bytes)
1777738350.382267 sending message 105 to peer 0x55c3320b1f70 (47 bytes)
1777738350.382274 sending message 105 to peer 0x55c3320b1f70 (37 bytes)
1777738350.382280 sending message 105 to peer 0x55c3320b1f70 (23 bytes)
1777738350.382286 sending message 105 to peer 0x55c3320b1f70 (33 bytes)
1777738350.382291 sending message 105 to peer 0x55c3320b1f70 (17 bytes)
1777738350.382298 sending message 105 to peer 0x55c3320b1f70 (14 bytes)
1777738350.382304 sending message 105 to peer 0x55c3320b1f70 (91 bytes)
1777738350.382309 sending message 105 to peer 0x55c3320b1f70 (12 bytes)
1777738350.382315 sending message 105 to peer 0x55c3320b1f70 (44 bytes)
1777738350.382321 sending message 105 to peer 0x55c3320b1f70 (11 bytes)
1777738350.382328 sending message 105 to peer 0x55c3320b1f70 (8 bytes)
1777738350.382335 sending message 105 to peer 0x55c3320b1f70 (21 bytes)
1777738350.382341 sending message 105 to peer 0x55c3320b1f70 (11 bytes)
1777738350.382347 sending message 105 to peer 0x55c3320b1f70 (51 bytes)
1777738350.382354 sending message 105 to peer 0x55c3320b1f70 (17 bytes)
1777738350.382360 sending message 105 to peer 0x55c3320b1f70 (21 bytes)
1777738350.382366 sending message 105 to peer 0x55c3320b1f70 (43 bytes)
1777738350.382374 sending message 105 to peer 0x55c3320b1f70 (31 bytes)
1777738350.382382 sending message 105 to peer 0x55c3320b1f70 (50 bytes)
1777738350.382389 sending message 105 to peer 0x55c3320b1f70 (39 bytes)
1777738350.382396 sending message 105 to peer 0x55c3320b1f70 (24 bytes)
1777738350.382403 sending message 105 to peer 0x55c3320b1f70 (36 bytes)
1777738350.382409 sending message 105 to peer 0x55c3320b1f70 (42 bytes)
1777738350.382415 sending message 105 to peer 0x55c3320b1f70 (253 bytes)
1777738350.382421 sending message 105 to peer 0x55c3320b1f70 (15 bytes)
1777738350.382427 sending message 105 to peer 0x55c3320b1f70 (54 bytes)
1777738350.382434 sending message 105 to peer 0x55c3320b1f70 (30 bytes)
1777738350.382440 sending message 105 to peer 0x55c3320b1f70 (124 bytes)
1777738350.382446 sending message 105 to peer 0x55c3320b1f70 (38 bytes)
1777738350.382453 sending message 105 to peer 0x55c3320b1f70 (22 bytes)
1777738350.382459 sending message 105 to peer 0x55c3320b1f70 (19 bytes)
1777738350.382466 sending message 106 to peer 0x55c3320b1f70 (0 bytes)
1777738350.382530 cmd_pack_argv: argv[0]=new-session
1777738350.382540 cmd_pack_argv: argv[1]=-d
1777738350.382545 cmd_pack_argv: argv[2]=-s
1777738350.382549 cmd_pack_argv: argv[3]=test-theme
1777738350.382556 sending message 200 to peer 0x55c3320b1f70 (33 bytes)
1777738350.382562 client loop enter
1777738350.385890 peer 0x55c3320b1f70 message 203
1777738350.385915 client loop exit
