1777738398.375419 client started (19034): version 3.6a, socket /tmp/tmux-1000/default, protocol 8
1777738398.375464 on Linux 7.0.2-arch1-1 #1 SMP PREEMPT_DYNAMIC Mon, 27 Apr 2026 18:22:44 +0000
1777738398.375483 using libevent 2.1.12-stable poll
1777738398.375490 using ncurses 6.5 20240427
1777738398.375513 flags are 0x18010000
1777738398.375535 socket is /tmp/tmux-1000/default
1777738398.375556 trying connect
1777738398.375613 add peer 0x55abc4deff70: 6 ((nil))
1777738398.375871 sending message 111 to peer 0x55abc4deff70 (8 bytes)
1777738398.375903 sending message 111 to peer 0x55abc4deff70 (8 bytes)
1777738398.375913 sending message 101 to peer 0x55abc4deff70 (12 bytes)
1777738398.375921 sending message 109 to peer 0x55abc4deff70 (4 bytes)
1777738398.375928 sending message 102 to peer 0x55abc4deff70 (1 bytes)
1777738398.375936 sending message 108 to peer 0x55abc4deff70 (37 bytes)
1777738398.375946 sending message 104 to peer 0x55abc4deff70 (0 bytes)
1777738398.375955 sending message 110 to peer 0x55abc4deff70 (0 bytes)
1777738398.375965 sending message 107 to peer 0x55abc4deff70 (4 bytes)
1777738398.375973 sending message 105 to peer 0x55abc4deff70 (20 bytes)
1777738398.375981 sending message 105 to peer 0x55abc4deff70 (20 bytes)
1777738398.375991 sending message 105 to peer 0x55abc4deff70 (29 bytes)
1777738398.375999 sending message 105 to peer 0x55abc4deff70 (38 bytes)
1777738398.376006 sending message 105 to peer 0x55abc4deff70 (25 bytes)
1777738398.376015 sending message 105 to peer 0x55abc4deff70 (58 bytes)
1777738398.376043 sending message 105 to peer 0x55abc4deff70 (26 bytes)
1777738398.376056 sending message 105 to peer 0x55abc4deff70 (20 bytes)
1777738398.376063 sending message 105 to peer 0x55abc4deff70 (42 bytes)
1777738398.376071 sending message 105 to peer 0x55abc4deff70 (39 bytes)
1777738398.376079 sending message 105 to peer 0x55abc4deff70 (8 bytes)
1777738398.376088 sending message 105 to peer 0x55abc4deff70 (51 bytes)
1777738398.376097 sending message 105 to peer 0x55abc4deff70 (30 bytes)
1777738398.376105 sending message 105 to peer 0x55abc4deff70 (64 bytes)
1777738398.376114 sending message 105 to peer 0x55abc4deff70 (15 bytes)
1777738398.376123 sending message 105 to peer 0x55abc4deff70 (16 bytes)
1777738398.376132 sending message 105 to peer 0x55abc4deff70 (12 bytes)
1777738398.376141 sending message 105 to peer 0x55abc4deff70 (15 bytes)
1777738398.376150 sending message 105 to peer 0x55abc4deff70 (41 bytes)
1777738398.376160 sending message 105 to peer 0x55abc4deff70 (17 bytes)
1777738398.376168 sending message 105 to peer 0x55abc4deff70 (29 bytes)
1777738398.376177 sending message 105 to peer 0x55abc4deff70 (25 bytes)
1777738398.376185 sending message 105 to peer 0x55abc4deff70 (21 bytes)
1777738398.376193 sending message 105 to peer 0x55abc4deff70 (16 bytes)
1777738398.376201 sending message 105 to peer 0x55abc4deff70 (60 bytes)
1777738398.376209 sending message 105 to peer 0x55abc4deff70 (27 bytes)
1777738398.376217 sending message 105 to peer 0x55abc4deff70 (15 bytes)
1777738398.376226 sending message 105 to peer 0x55abc4deff70 (18 bytes)
1777738398.376235 sending message 105 to peer 0x55abc4deff70 (20 bytes)
1777738398.376243 sending message 105 to peer 0x55abc4deff70 (11 bytes)
1777738398.376252 sending message 105 to peer 0x55abc4deff70 (17 bytes)
1777738398.376260 sending message 105 to peer 0x55abc4deff70 (30 bytes)
1777738398.376268 sending message 105 to peer 0x55abc4deff70 (29 bytes)
1777738398.376276 sending message 105 to peer 0x55abc4deff70 (148 bytes)
1777738398.376285 sending message 105 to peer 0x55abc4deff70 (20 bytes)
1777738398.376295 sending message 105 to peer 0x55abc4deff70 (26 bytes)
1777738398.376307 sending message 105 to peer 0x55abc4deff70 (18 bytes)
1777738398.376317 sending message 105 to peer 0x55abc4deff70 (52 bytes)
1777738398.376329 sending message 105 to peer 0x55abc4deff70 (53 bytes)
1777738398.376337 sending message 105 to peer 0x55abc4deff70 (47 bytes)
1777738398.376346 sending message 105 to peer 0x55abc4deff70 (15 bytes)
1777738398.376356 sending message 105 to peer 0x55abc4deff70 (15 bytes)
1777738398.376384 sending message 105 to peer 0x55abc4deff70 (38 bytes)
1777738398.376406 sending message 105 to peer 0x55abc4deff70 (47 bytes)
1777738398.376418 sending message 105 to peer 0x55abc4deff70 (37 bytes)
1777738398.376428 sending message 105 to peer 0x55abc4deff70 (23 bytes)
1777738398.376437 sending message 105 to peer 0x55abc4deff70 (33 bytes)
1777738398.376447 sending message 105 to peer 0x55abc4deff70 (17 bytes)
1777738398.376458 sending message 105 to peer 0x55abc4deff70 (14 bytes)
1777738398.376469 sending message 105 to peer 0x55abc4deff70 (91 bytes)
1777738398.376485 sending message 105 to peer 0x55abc4deff70 (12 bytes)
1777738398.376495 sending message 105 to peer 0x55abc4deff70 (44 bytes)
1777738398.376505 sending message 105 to peer 0x55abc4deff70 (11 bytes)
1777738398.376517 sending message 105 to peer 0x55abc4deff70 (8 bytes)
1777738398.376528 sending message 105 to peer 0x55abc4deff70 (21 bytes)
1777738398.376537 sending message 105 to peer 0x55abc4deff70 (11 bytes)
1777738398.376546 sending message 105 to peer 0x55abc4deff70 (51 bytes)
1777738398.376556 sending message 105 to peer 0x55abc4deff70 (17 bytes)
1777738398.376565 sending message 105 to peer 0x55abc4deff70 (21 bytes)
1777738398.376574 sending message 105 to peer 0x55abc4deff70 (43 bytes)
1777738398.376584 sending message 105 to peer 0x55abc4deff70 (31 bytes)
1777738398.376595 sending message 105 to peer 0x55abc4deff70 (50 bytes)
1777738398.376604 sending message 105 to peer 0x55abc4deff70 (39 bytes)
1777738398.376614 sending message 105 to peer 0x55abc4deff70 (24 bytes)
1777738398.376624 sending message 105 to peer 0x55abc4deff70 (36 bytes)
1777738398.376649 sending message 105 to peer 0x55abc4deff70 (42 bytes)
1777738398.376657 sending message 105 to peer 0x55abc4deff70 (253 bytes)
1777738398.376666 sending message 105 to peer 0x55abc4deff70 (15 bytes)
1777738398.376675 sending message 105 to peer 0x55abc4deff70 (54 bytes)
1777738398.376683 sending message 105 to peer 0x55abc4deff70 (30 bytes)
1777738398.376690 sending message 105 to peer 0x55abc4deff70 (124 bytes)
1777738398.376699 sending message 105 to peer 0x55abc4deff70 (38 bytes)
1777738398.376708 sending message 105 to peer 0x55abc4deff70 (22 bytes)
1777738398.376715 sending message 105 to peer 0x55abc4deff70 (19 bytes)
1777738398.376723 sending message 106 to peer 0x55abc4deff70 (0 bytes)
1777738398.376839 cmd_pack_argv: argv[0]=new-session
1777738398.376857 cmd_pack_argv: argv[1]=-d
1777738398.376863 cmd_pack_argv: argv[2]=-s
1777738398.376868 cmd_pack_argv: argv[3]=test-error
1777738398.376876 sending message 200 to peer 0x55abc4deff70 (33 bytes)
1777738398.376882 client loop enter
1777738398.380173 peer 0x55abc4deff70 message 203
1777738398.380195 client loop exit
