1777738309.964210 client started (18359): version 3.6a, socket /tmp/tmux-1000/default, protocol 8
1777738309.964254 on Linux 7.0.2-arch1-1 #1 SMP PREEMPT_DYNAMIC Mon, 27 Apr 2026 18:22:44 +0000
1777738309.964270 using libevent 2.1.12-stable poll
1777738309.964275 using ncurses 6.5 20240427
1777738309.964292 flags are 0x18010000
1777738309.964313 socket is /tmp/tmux-1000/default
1777738309.964332 trying connect
1777738309.964384 add peer 0x55c1849f8f70: 6 ((nil))
1777738309.964485 sending message 111 to peer 0x55c1849f8f70 (8 bytes)
1777738309.964498 sending message 111 to peer 0x55c1849f8f70 (8 bytes)
1777738309.964504 sending message 101 to peer 0x55c1849f8f70 (12 bytes)
1777738309.964509 sending message 109 to peer 0x55c1849f8f70 (4 bytes)
1777738309.964513 sending message 102 to peer 0x55c1849f8f70 (1 bytes)
1777738309.964518 sending message 108 to peer 0x55c1849f8f70 (37 bytes)
1777738309.964524 sending message 104 to peer 0x55c1849f8f70 (0 bytes)
1777738309.964530 sending message 110 to peer 0x55c1849f8f70 (0 bytes)
1777738309.964535 sending message 107 to peer 0x55c1849f8f70 (4 bytes)
1777738309.964540 sending message 105 to peer 0x55c1849f8f70 (20 bytes)
1777738309.964546 sending message 105 to peer 0x55c1849f8f70 (20 bytes)
1777738309.964551 sending message 105 to peer 0x55c1849f8f70 (29 bytes)
1777738309.964556 sending message 105 to peer 0x55c1849f8f70 (38 bytes)
1777738309.964560 sending message 105 to peer 0x55c1849f8f70 (25 bytes)
1777738309.964565 sending message 105 to peer 0x55c1849f8f70 (58 bytes)
1777738309.964570 sending message 105 to peer 0x55c1849f8f70 (26 bytes)
1777738309.964575 sending message 105 to peer 0x55c1849f8f70 (20 bytes)
1777738309.964581 sending message 105 to peer 0x55c1849f8f70 (42 bytes)
1777738309.964586 sending message 105 to peer 0x55c1849f8f70 (39 bytes)
1777738309.964593 sending message 105 to peer 0x55c1849f8f70 (8 bytes)
1777738309.964599 sending message 105 to peer 0x55c1849f8f70 (51 bytes)
1777738309.964605 sending message 105 to peer 0x55c1849f8f70 (30 bytes)
1777738309.964611 sending message 105 to peer 0x55c1849f8f70 (64 bytes)
1777738309.964618 sending message 105 to peer 0x55c1849f8f70 (15 bytes)
1777738309.964624 sending message 105 to peer 0x55c1849f8f70 (16 bytes)
1777738309.964630 sending message 105 to peer 0x55c1849f8f70 (12 bytes)
1777738309.964639 sending message 105 to peer 0x55c1849f8f70 (15 bytes)
1777738309.964645 sending message 105 to peer 0x55c1849f8f70 (41 bytes)
1777738309.964653 sending message 105 to peer 0x55c1849f8f70 (17 bytes)
1777738309.964661 sending message 105 to peer 0x55c1849f8f70 (29 bytes)
1777738309.964668 sending message 105 to peer 0x55c1849f8f70 (25 bytes)
1777738309.964675 sending message 105 to peer 0x55c1849f8f70 (21 bytes)
1777738309.964682 sending message 105 to peer 0x55c1849f8f70 (16 bytes)
1777738309.964688 sending message 105 to peer 0x55c1849f8f70 (60 bytes)
1777738309.964697 sending message 105 to peer 0x55c1849f8f70 (27 bytes)
1777738309.964705 sending message 105 to peer 0x55c1849f8f70 (15 bytes)
1777738309.964712 sending message 105 to peer 0x55c1849f8f70 (18 bytes)
1777738309.964720 sending message 105 to peer 0x55c1849f8f70 (20 bytes)
1777738309.964728 sending message 105 to peer 0x55c1849f8f70 (11 bytes)
1777738309.964735 sending message 105 to peer 0x55c1849f8f70 (17 bytes)
1777738309.964740 sending message 105 to peer 0x55c1849f8f70 (30 bytes)
1777738309.964747 sending message 105 to peer 0x55c1849f8f70 (29 bytes)
1777738309.964755 sending message 105 to peer 0x55c1849f8f70 (148 bytes)
1777738309.964762 sending message 105 to peer 0x55c1849f8f70 (20 bytes)
1777738309.964769 sending message 105 to peer 0x55c1849f8f70 (26 bytes)
1777738309.964777 sending message 105 to peer 0x55c1849f8f70 (18 bytes)
1777738309.964783 sending message 105 to peer 0x55c1849f8f70 (52 bytes)
1777738309.964793 sending message 105 to peer 0x55c1849f8f70 (53 bytes)
1777738309.964802 sending message 105 to peer 0x55c1849f8f70 (47 bytes)
1777738309.964809 sending message 105 to peer 0x55c1849f8f70 (15 bytes)
1777738309.964818 sending message 105 to peer 0x55c1849f8f70 (15 bytes)
1777738309.964842 sending message 105 to peer 0x55c1849f8f70 (38 bytes)
1777738309.964860 sending message 105 to peer 0x55c1849f8f70 (47 bytes)
1777738309.964868 sending message 105 to peer 0x55c1849f8f70 (37 bytes)
1777738309.964875 sending message 105 to peer 0x55c1849f8f70 (23 bytes)
1777738309.964879 sending message 105 to peer 0x55c1849f8f70 (33 bytes)
1777738309.964886 sending message 105 to peer 0x55c1849f8f70 (17 bytes)
1777738309.964893 sending message 105 to peer 0x55c1849f8f70 (14 bytes)
1777738309.964899 sending message 105 to peer 0x55c1849f8f70 (91 bytes)
1777738309.964906 sending message 105 to peer 0x55c1849f8f70 (12 bytes)
1777738309.964913 sending message 105 to peer 0x55c1849f8f70 (44 bytes)
1777738309.964919 sending message 105 to peer 0x55c1849f8f70 (11 bytes)
1777738309.964926 sending message 105 to peer 0x55c1849f8f70 (8 bytes)
1777738309.964932 sending message 105 to peer 0x55c1849f8f70 (21 bytes)
1777738309.964938 sending message 105 to peer 0x55c1849f8f70 (11 bytes)
1777738309.964945 sending message 105 to peer 0x55c1849f8f70 (51 bytes)
1777738309.964951 sending message 105 to peer 0x55c1849f8f70 (17 bytes)
1777738309.964958 sending message 105 to peer 0x55c1849f8f70 (21 bytes)
1777738309.964963 sending message 105 to peer 0x55c1849f8f70 (43 bytes)
1777738309.964970 sending message 105 to peer 0x55c1849f8f70 (31 bytes)
1777738309.964975 sending message 105 to peer 0x55c1849f8f70 (50 bytes)
1777738309.964981 sending message 105 to peer 0x55c1849f8f70 (39 bytes)
1777738309.964986 sending message 105 to peer 0x55c1849f8f70 (24 bytes)
1777738309.964992 sending message 105 to peer 0x55c1849f8f70 (36 bytes)
1777738309.964998 sending message 105 to peer 0x55c1849f8f70 (42 bytes)
1777738309.965004 sending message 105 to peer 0x55c1849f8f70 (253 bytes)
1777738309.965010 sending message 105 to peer 0x55c1849f8f70 (15 bytes)
1777738309.965016 sending message 105 to peer 0x55c1849f8f70 (54 bytes)
1777738309.965022 sending message 105 to peer 0x55c1849f8f70 (30 bytes)
1777738309.965058 sending message 105 to peer 0x55c1849f8f70 (124 bytes)
1777738309.965065 sending message 105 to peer 0x55c1849f8f70 (38 bytes)
1777738309.965072 sending message 105 to peer 0x55c1849f8f70 (22 bytes)
1777738309.965078 sending message 105 to peer 0x55c1849f8f70 (19 bytes)
1777738309.965083 sending message 106 to peer 0x55c1849f8f70 (0 bytes)
1777738309.965163 cmd_pack_argv: argv[0]=new-session
1777738309.965183 cmd_pack_argv: argv[1]=-d
1777738309.965190 cmd_pack_argv: argv[2]=-s
1777738309.965197 cmd_pack_argv: argv[3]=test-theme
1777738309.965206 sending message 200 to peer 0x55c1849f8f70 (33 bytes)
1777738309.965213 client loop enter
1777738309.968524 peer 0x55c1849f8f70 message 203
1777738309.968544 client loop exit
