1777738383.229720 client started (18931): version 3.6a, socket /tmp/tmux-1000/default, protocol 8
1777738383.229751 on Linux 7.0.2-arch1-1 #1 SMP PREEMPT_DYNAMIC Mon, 27 Apr 2026 18:22:44 +0000
1777738383.229763 using libevent 2.1.12-stable poll
1777738383.229768 using ncurses 6.5 20240427
1777738383.229785 flags are 0x18010000
1777738383.229802 socket is /tmp/tmux-1000/default
1777738383.229817 trying connect
1777738383.229871 add peer 0x55ee171fff70: 6 ((nil))
1777738383.229983 sending message 111 to peer 0x55ee171fff70 (8 bytes)
1777738383.229996 sending message 111 to peer 0x55ee171fff70 (8 bytes)
1777738383.230001 sending message 101 to peer 0x55ee171fff70 (12 bytes)
1777738383.230006 sending message 109 to peer 0x55ee171fff70 (4 bytes)
1777738383.230010 sending message 102 to peer 0x55ee171fff70 (1 bytes)
1777738383.230015 sending message 108 to peer 0x55ee171fff70 (37 bytes)
1777738383.230021 sending message 104 to peer 0x55ee171fff70 (0 bytes)
1777738383.230043 sending message 110 to peer 0x55ee171fff70 (0 bytes)
1777738383.230049 sending message 107 to peer 0x55ee171fff70 (4 bytes)
1777738383.230055 sending message 105 to peer 0x55ee171fff70 (20 bytes)
1777738383.230059 sending message 105 to peer 0x55ee171fff70 (20 bytes)
1777738383.230064 sending message 105 to peer 0x55ee171fff70 (29 bytes)
1777738383.230069 sending message 105 to peer 0x55ee171fff70 (38 bytes)
1777738383.230074 sending message 105 to peer 0x55ee171fff70 (25 bytes)
1777738383.230079 sending message 105 to peer 0x55ee171fff70 (58 bytes)
1777738383.230083 sending message 105 to peer 0x55ee171fff70 (26 bytes)
1777738383.230088 sending message 105 to peer 0x55ee171fff70 (20 bytes)
1777738383.230093 sending message 105 to peer 0x55ee171fff70 (42 bytes)
1777738383.230098 sending message 105 to peer 0x55ee171fff70 (39 bytes)
1777738383.230103 sending message 105 to peer 0x55ee171fff70 (8 bytes)
1777738383.230107 sending message 105 to peer 0x55ee171fff70 (51 bytes)
1777738383.230112 sending message 105 to peer 0x55ee171fff70 (30 bytes)
1777738383.230117 sending message 105 to peer 0x55ee171fff70 (64 bytes)
1777738383.230122 sending message 105 to peer 0x55ee171fff70 (15 bytes)
1777738383.230127 sending message 105 to peer 0x55ee171fff70 (16 bytes)
1777738383.230132 sending message 105 to peer 0x55ee171fff70 (12 bytes)
1777738383.230136 sending message 105 to peer 0x55ee171fff70 (15 bytes)
1777738383.230141 sending message 105 to peer 0x55ee171fff70 (41 bytes)
1777738383.230146 sending message 105 to peer 0x55ee171fff70 (17 bytes)
1777738383.230151 sending message 105 to peer 0x55ee171fff70 (29 bytes)
1777738383.230155 sending message 105 to peer 0x55ee171fff70 (25 bytes)
1777738383.230160 sending message 105 to peer 0x55ee171fff70 (21 bytes)
1777738383.230165 sending message 105 to peer 0x55ee171fff70 (16 bytes)
1777738383.230169 sending message 105 to peer 0x55ee171fff70 (60 bytes)
1777738383.230174 sending message 105 to peer 0x55ee171fff70 (27 bytes)
1777738383.230179 sending message 105 to peer 0x55ee171fff70 (15 bytes)
1777738383.230184 sending message 105 to peer 0x55ee171fff70 (18 bytes)
1777738383.230189 sending message 105 to peer 0x55ee171fff70 (20 bytes)
1777738383.230193 sending message 105 to peer 0x55ee171fff70 (11 bytes)
1777738383.230198 sending message 105 to peer 0x55ee171fff70 (17 bytes)
1777738383.230203 sending message 105 to peer 0x55ee171fff70 (30 bytes)
1777738383.230208 sending message 105 to peer 0x55ee171fff70 (29 bytes)
1777738383.230212 sending message 105 to peer 0x55ee171fff70 (148 bytes)
1777738383.230217 sending message 105 to peer 0x55ee171fff70 (20 bytes)
1777738383.230222 sending message 105 to peer 0x55ee171fff70 (26 bytes)
1777738383.230227 sending message 105 to peer 0x55ee171fff70 (18 bytes)
1777738383.230232 sending message 105 to peer 0x55ee171fff70 (52 bytes)
1777738383.230237 sending message 105 to peer 0x55ee171fff70 (53 bytes)
1777738383.230242 sending message 105 to peer 0x55ee171fff70 (47 bytes)
1777738383.230247 sending message 105 to peer 0x55ee171fff70 (15 bytes)
1777738383.230251 sending message 105 to peer 0x55ee171fff70 (15 bytes)
1777738383.230266 sending message 105 to peer 0x55ee171fff70 (38 bytes)
1777738383.230277 sending message 105 to peer 0x55ee171fff70 (47 bytes)
1777738383.230282 sending message 105 to peer 0x55ee171fff70 (37 bytes)
1777738383.230287 sending message 105 to peer 0x55ee171fff70 (23 bytes)
1777738383.230292 sending message 105 to peer 0x55ee171fff70 (33 bytes)
1777738383.230297 sending message 105 to peer 0x55ee171fff70 (17 bytes)
1777738383.230302 sending message 105 to peer 0x55ee171fff70 (14 bytes)
1777738383.230307 sending message 105 to peer 0x55ee171fff70 (91 bytes)
1777738383.230312 sending message 105 to peer 0x55ee171fff70 (12 bytes)
1777738383.230317 sending message 105 to peer 0x55ee171fff70 (44 bytes)
1777738383.230322 sending message 105 to peer 0x55ee171fff70 (11 bytes)
1777738383.230327 sending message 105 to peer 0x55ee171fff70 (8 bytes)
1777738383.230332 sending message 105 to peer 0x55ee171fff70 (21 bytes)
1777738383.230337 sending message 105 to peer 0x55ee171fff70 (11 bytes)
1777738383.230342 sending message 105 to peer 0x55ee171fff70 (51 bytes)
1777738383.230347 sending message 105 to peer 0x55ee171fff70 (17 bytes)
1777738383.230352 sending message 105 to peer 0x55ee171fff70 (21 bytes)
1777738383.230356 sending message 105 to peer 0x55ee171fff70 (43 bytes)
1777738383.230362 sending message 105 to peer 0x55ee171fff70 (31 bytes)
1777738383.230367 sending message 105 to peer 0x55ee171fff70 (50 bytes)
1777738383.230372 sending message 105 to peer 0x55ee171fff70 (39 bytes)
1777738383.230376 sending message 105 to peer 0x55ee171fff70 (24 bytes)
1777738383.230381 sending message 105 to peer 0x55ee171fff70 (36 bytes)
1777738383.230386 sending message 105 to peer 0x55ee171fff70 (42 bytes)
1777738383.230391 sending message 105 to peer 0x55ee171fff70 (253 bytes)
1777738383.230396 sending message 105 to peer 0x55ee171fff70 (15 bytes)
1777738383.230401 sending message 105 to peer 0x55ee171fff70 (54 bytes)
1777738383.230406 sending message 105 to peer 0x55ee171fff70 (30 bytes)
1777738383.230411 sending message 105 to peer 0x55ee171fff70 (124 bytes)
1777738383.230416 sending message 105 to peer 0x55ee171fff70 (38 bytes)
1777738383.230420 sending message 105 to peer 0x55ee171fff70 (22 bytes)
1777738383.230425 sending message 105 to peer 0x55ee171fff70 (19 bytes)
1777738383.230430 sending message 106 to peer 0x55ee171fff70 (0 bytes)
1777738383.230491 cmd_pack_argv: argv[0]=new-session
1777738383.230503 cmd_pack_argv: argv[1]=-d
1777738383.230510 cmd_pack_argv: argv[2]=-s
1777738383.230517 cmd_pack_argv: argv[3]=test-empty
1777738383.230539 sending message 200 to peer 0x55ee171fff70 (33 bytes)
1777738383.230545 client loop enter
1777738383.233422 peer 0x55ee171fff70 message 203
1777738383.233447 client loop exit
