1777738639.844727 client started (20832): version 3.6a, socket /tmp/tmux-1000/default, protocol 8
1777738639.844754 on Linux 7.0.2-arch1-1 #1 SMP PREEMPT_DYNAMIC Mon, 27 Apr 2026 18:22:44 +0000
1777738639.844765 using libevent 2.1.12-stable poll
1777738639.844770 using ncurses 6.5 20240427
1777738639.844783 flags are 0x18010000
1777738639.844795 socket is /tmp/tmux-1000/default
1777738639.844807 trying connect
1777738639.844845 add peer 0x562a2a8e6f70: 6 ((nil))
1777738639.844925 sending message 111 to peer 0x562a2a8e6f70 (8 bytes)
1777738639.844934 sending message 111 to peer 0x562a2a8e6f70 (8 bytes)
1777738639.844939 sending message 101 to peer 0x562a2a8e6f70 (12 bytes)
1777738639.844943 sending message 109 to peer 0x562a2a8e6f70 (4 bytes)
1777738639.844947 sending message 102 to peer 0x562a2a8e6f70 (1 bytes)
1777738639.844951 sending message 108 to peer 0x562a2a8e6f70 (37 bytes)
1777738639.844956 sending message 104 to peer 0x562a2a8e6f70 (0 bytes)
1777738639.844960 sending message 110 to peer 0x562a2a8e6f70 (0 bytes)
1777738639.844964 sending message 107 to peer 0x562a2a8e6f70 (4 bytes)
1777738639.844969 sending message 105 to peer 0x562a2a8e6f70 (20 bytes)
1777738639.844973 sending message 105 to peer 0x562a2a8e6f70 (20 bytes)
1777738639.844977 sending message 105 to peer 0x562a2a8e6f70 (29 bytes)
1777738639.844981 sending message 105 to peer 0x562a2a8e6f70 (38 bytes)
1777738639.844985 sending message 105 to peer 0x562a2a8e6f70 (25 bytes)
1777738639.844989 sending message 105 to peer 0x562a2a8e6f70 (58 bytes)
1777738639.844993 sending message 105 to peer 0x562a2a8e6f70 (26 bytes)
1777738639.844996 sending message 105 to peer 0x562a2a8e6f70 (20 bytes)
1777738639.845000 sending message 105 to peer 0x562a2a8e6f70 (42 bytes)
1777738639.845005 sending message 105 to peer 0x562a2a8e6f70 (39 bytes)
1777738639.845009 sending message 105 to peer 0x562a2a8e6f70 (8 bytes)
1777738639.845013 sending message 105 to peer 0x562a2a8e6f70 (51 bytes)
1777738639.845017 sending message 105 to peer 0x562a2a8e6f70 (30 bytes)
1777738639.845021 sending message 105 to peer 0x562a2a8e6f70 (64 bytes)
1777738639.845041 sending message 105 to peer 0x562a2a8e6f70 (15 bytes)
1777738639.845047 sending message 105 to peer 0x562a2a8e6f70 (16 bytes)
1777738639.845051 sending message 105 to peer 0x562a2a8e6f70 (12 bytes)
1777738639.845055 sending message 105 to peer 0x562a2a8e6f70 (15 bytes)
1777738639.845059 sending message 105 to peer 0x562a2a8e6f70 (41 bytes)
1777738639.845063 sending message 105 to peer 0x562a2a8e6f70 (17 bytes)
1777738639.845067 sending message 105 to peer 0x562a2a8e6f70 (29 bytes)
1777738639.845071 sending message 105 to peer 0x562a2a8e6f70 (25 bytes)
1777738639.845075 sending message 105 to peer 0x562a2a8e6f70 (21 bytes)
1777738639.845078 sending message 105 to peer 0x562a2a8e6f70 (16 bytes)
1777738639.845083 sending message 105 to peer 0x562a2a8e6f70 (60 bytes)
1777738639.845087 sending message 105 to peer 0x562a2a8e6f70 (27 bytes)
1777738639.845091 sending message 105 to peer 0x562a2a8e6f70 (15 bytes)
1777738639.845094 sending message 105 to peer 0x562a2a8e6f70 (18 bytes)
1777738639.845098 sending message 105 to peer 0x562a2a8e6f70 (20 bytes)
1777738639.845102 sending message 105 to peer 0x562a2a8e6f70 (11 bytes)
1777738639.845106 sending message 105 to peer 0x562a2a8e6f70 (17 bytes)
1777738639.845110 sending message 105 to peer 0x562a2a8e6f70 (30 bytes)
1777738639.845114 sending message 105 to peer 0x562a2a8e6f70 (29 bytes)
1777738639.845118 sending message 105 to peer 0x562a2a8e6f70 (148 bytes)
1777738639.845122 sending message 105 to peer 0x562a2a8e6f70 (20 bytes)
1777738639.845126 sending message 105 to peer 0x562a2a8e6f70 (26 bytes)
1777738639.845130 sending message 105 to peer 0x562a2a8e6f70 (18 bytes)
1777738639.845134 sending message 105 to peer 0x562a2a8e6f70 (52 bytes)
1777738639.845138 sending message 105 to peer 0x562a2a8e6f70 (53 bytes)
1777738639.845142 sending message 105 to peer 0x562a2a8e6f70 (47 bytes)
1777738639.845146 sending message 105 to peer 0x562a2a8e6f70 (15 bytes)
1777738639.845150 sending message 105 to peer 0x562a2a8e6f70 (15 bytes)
1777738639.845162 sending message 105 to peer 0x562a2a8e6f70 (38 bytes)
1777738639.845172 sending message 105 to peer 0x562a2a8e6f70 (47 bytes)
1777738639.845177 sending message 105 to peer 0x562a2a8e6f70 (37 bytes)
1777738639.845181 sending message 105 to peer 0x562a2a8e6f70 (23 bytes)
1777738639.845185 sending message 105 to peer 0x562a2a8e6f70 (33 bytes)
1777738639.845190 sending message 105 to peer 0x562a2a8e6f70 (17 bytes)
1777738639.845194 sending message 105 to peer 0x562a2a8e6f70 (14 bytes)
1777738639.845198 sending message 105 to peer 0x562a2a8e6f70 (91 bytes)
1777738639.845202 sending message 105 to peer 0x562a2a8e6f70 (12 bytes)
1777738639.845206 sending message 105 to peer 0x562a2a8e6f70 (44 bytes)
1777738639.845210 sending message 105 to peer 0x562a2a8e6f70 (11 bytes)
1777738639.845215 sending message 105 to peer 0x562a2a8e6f70 (8 bytes)
1777738639.845219 sending message 105 to peer 0x562a2a8e6f70 (21 bytes)
1777738639.845223 sending message 105 to peer 0x562a2a8e6f70 (11 bytes)
1777738639.845227 sending message 105 to peer 0x562a2a8e6f70 (51 bytes)
1777738639.845231 sending message 105 to peer 0x562a2a8e6f70 (17 bytes)
1777738639.845235 sending message 105 to peer 0x562a2a8e6f70 (21 bytes)
1777738639.845239 sending message 105 to peer 0x562a2a8e6f70 (43 bytes)
1777738639.845243 sending message 105 to peer 0x562a2a8e6f70 (31 bytes)
1777738639.845247 sending message 105 to peer 0x562a2a8e6f70 (50 bytes)
1777738639.845251 sending message 105 to peer 0x562a2a8e6f70 (39 bytes)
1777738639.845255 sending message 105 to peer 0x562a2a8e6f70 (24 bytes)
1777738639.845259 sending message 105 to peer 0x562a2a8e6f70 (36 bytes)
1777738639.845263 sending message 105 to peer 0x562a2a8e6f70 (42 bytes)
1777738639.845268 sending message 105 to peer 0x562a2a8e6f70 (253 bytes)
1777738639.845272 sending message 105 to peer 0x562a2a8e6f70 (15 bytes)
1777738639.845276 sending message 105 to peer 0x562a2a8e6f70 (54 bytes)
1777738639.845280 sending message 105 to peer 0x562a2a8e6f70 (30 bytes)
1777738639.845284 sending message 105 to peer 0x562a2a8e6f70 (124 bytes)
1777738639.845288 sending message 105 to peer 0x562a2a8e6f70 (38 bytes)
1777738639.845292 sending message 105 to peer 0x562a2a8e6f70 (22 bytes)
1777738639.845296 sending message 105 to peer 0x562a2a8e6f70 (19 bytes)
1777738639.845300 sending message 106 to peer 0x562a2a8e6f70 (0 bytes)
1777738639.845342 cmd_pack_argv: argv[0]=new-session
1777738639.845348 cmd_pack_argv: argv[1]=-d
1777738639.845351 cmd_pack_argv: argv[2]=-s
1777738639.845355 cmd_pack_argv: argv[3]=test-check
1777738639.845360 sending message 200 to peer 0x562a2a8e6f70 (33 bytes)
1777738639.845364 client loop enter
1777738639.849456 peer 0x562a2a8e6f70 message 203
1777738639.849483 client loop exit
