1777738674.744356 client started (21054): version 3.6a, socket /tmp/tmux-1000/default, protocol 8
1777738674.744388 on Linux 7.0.2-arch1-1 #1 SMP PREEMPT_DYNAMIC Mon, 27 Apr 2026 18:22:44 +0000
1777738674.744402 using libevent 2.1.12-stable poll
1777738674.744408 using ncurses 6.5 20240427
1777738674.744425 flags are 0x18010000
1777738674.744442 socket is /tmp/tmux-1000/default
1777738674.744458 trying connect
1777738674.744512 add peer 0x55f1bef61f70: 6 ((nil))
1777738674.744619 sending message 111 to peer 0x55f1bef61f70 (8 bytes)
1777738674.744631 sending message 111 to peer 0x55f1bef61f70 (8 bytes)
1777738674.744638 sending message 101 to peer 0x55f1bef61f70 (12 bytes)
1777738674.744644 sending message 109 to peer 0x55f1bef61f70 (4 bytes)
1777738674.744650 sending message 102 to peer 0x55f1bef61f70 (1 bytes)
1777738674.744656 sending message 108 to peer 0x55f1bef61f70 (37 bytes)
1777738674.744663 sending message 104 to peer 0x55f1bef61f70 (0 bytes)
1777738674.744670 sending message 110 to peer 0x55f1bef61f70 (0 bytes)
1777738674.744676 sending message 107 to peer 0x55f1bef61f70 (4 bytes)
1777738674.744682 sending message 105 to peer 0x55f1bef61f70 (20 bytes)
1777738674.744689 sending message 105 to peer 0x55f1bef61f70 (20 bytes)
1777738674.744695 sending message 105 to peer 0x55f1bef61f70 (29 bytes)
1777738674.744701 sending message 105 to peer 0x55f1bef61f70 (38 bytes)
1777738674.744707 sending message 105 to peer 0x55f1bef61f70 (25 bytes)
1777738674.744712 sending message 105 to peer 0x55f1bef61f70 (58 bytes)
1777738674.744718 sending message 105 to peer 0x55f1bef61f70 (26 bytes)
1777738674.744723 sending message 105 to peer 0x55f1bef61f70 (20 bytes)
1777738674.744729 sending message 105 to peer 0x55f1bef61f70 (42 bytes)
1777738674.744735 sending message 105 to peer 0x55f1bef61f70 (39 bytes)
1777738674.744741 sending message 105 to peer 0x55f1bef61f70 (8 bytes)
1777738674.744747 sending message 105 to peer 0x55f1bef61f70 (51 bytes)
1777738674.744753 sending message 105 to peer 0x55f1bef61f70 (30 bytes)
1777738674.744759 sending message 105 to peer 0x55f1bef61f70 (64 bytes)
1777738674.744766 sending message 105 to peer 0x55f1bef61f70 (15 bytes)
1777738674.744772 sending message 105 to peer 0x55f1bef61f70 (16 bytes)
1777738674.744778 sending message 105 to peer 0x55f1bef61f70 (12 bytes)
1777738674.744783 sending message 105 to peer 0x55f1bef61f70 (15 bytes)
1777738674.744790 sending message 105 to peer 0x55f1bef61f70 (41 bytes)
1777738674.744796 sending message 105 to peer 0x55f1bef61f70 (17 bytes)
1777738674.744802 sending message 105 to peer 0x55f1bef61f70 (29 bytes)
1777738674.744808 sending message 105 to peer 0x55f1bef61f70 (25 bytes)
1777738674.744814 sending message 105 to peer 0x55f1bef61f70 (21 bytes)
1777738674.744820 sending message 105 to peer 0x55f1bef61f70 (16 bytes)
1777738674.744826 sending message 105 to peer 0x55f1bef61f70 (60 bytes)
1777738674.744832 sending message 105 to peer 0x55f1bef61f70 (27 bytes)
1777738674.744838 sending message 105 to peer 0x55f1bef61f70 (15 bytes)
1777738674.744844 sending message 105 to peer 0x55f1bef61f70 (18 bytes)
1777738674.744850 sending message 105 to peer 0x55f1bef61f70 (20 bytes)
1777738674.744856 sending message 105 to peer 0x55f1bef61f70 (11 bytes)
1777738674.744863 sending message 105 to peer 0x55f1bef61f70 (17 bytes)
1777738674.744869 sending message 105 to peer 0x55f1bef61f70 (30 bytes)
1777738674.744876 sending message 105 to peer 0x55f1bef61f70 (29 bytes)
1777738674.744882 sending message 105 to peer 0x55f1bef61f70 (148 bytes)
1777738674.744889 sending message 105 to peer 0x55f1bef61f70 (20 bytes)
1777738674.744895 sending message 105 to peer 0x55f1bef61f70 (26 bytes)
1777738674.744902 sending message 105 to peer 0x55f1bef61f70 (18 bytes)
1777738674.744909 sending message 105 to peer 0x55f1bef61f70 (52 bytes)
1777738674.744916 sending message 105 to peer 0x55f1bef61f70 (53 bytes)
1777738674.744922 sending message 105 to peer 0x55f1bef61f70 (47 bytes)
1777738674.744929 sending message 105 to peer 0x55f1bef61f70 (15 bytes)
1777738674.744935 sending message 105 to peer 0x55f1bef61f70 (15 bytes)
1777738674.744953 sending message 105 to peer 0x55f1bef61f70 (38 bytes)
1777738674.744971 sending message 105 to peer 0x55f1bef61f70 (47 bytes)
1777738674.744978 sending message 105 to peer 0x55f1bef61f70 (37 bytes)
1777738674.744985 sending message 105 to peer 0x55f1bef61f70 (23 bytes)
1777738674.744992 sending message 105 to peer 0x55f1bef61f70 (33 bytes)
1777738674.744999 sending message 105 to peer 0x55f1bef61f70 (17 bytes)
1777738674.745006 sending message 105 to peer 0x55f1bef61f70 (14 bytes)
1777738674.745012 sending message 105 to peer 0x55f1bef61f70 (91 bytes)
1777738674.745019 sending message 105 to peer 0x55f1bef61f70 (12 bytes)
1777738674.745044 sending message 105 to peer 0x55f1bef61f70 (44 bytes)
1777738674.745053 sending message 105 to peer 0x55f1bef61f70 (11 bytes)
1777738674.745060 sending message 105 to peer 0x55f1bef61f70 (8 bytes)
1777738674.745067 sending message 105 to peer 0x55f1bef61f70 (21 bytes)
1777738674.745074 sending message 105 to peer 0x55f1bef61f70 (11 bytes)
1777738674.745080 sending message 105 to peer 0x55f1bef61f70 (51 bytes)
1777738674.745086 sending message 105 to peer 0x55f1bef61f70 (17 bytes)
1777738674.745093 sending message 105 to peer 0x55f1bef61f70 (21 bytes)
1777738674.745099 sending message 105 to peer 0x55f1bef61f70 (43 bytes)
1777738674.745106 sending message 105 to peer 0x55f1bef61f70 (31 bytes)
1777738674.745112 sending message 105 to peer 0x55f1bef61f70 (50 bytes)
1777738674.745118 sending message 105 to peer 0x55f1bef61f70 (39 bytes)
1777738674.745124 sending message 105 to peer 0x55f1bef61f70 (24 bytes)
1777738674.745131 sending message 105 to peer 0x55f1bef61f70 (36 bytes)
1777738674.745137 sending message 105 to peer 0x55f1bef61f70 (42 bytes)
1777738674.745144 sending message 105 to peer 0x55f1bef61f70 (253 bytes)
1777738674.745150 sending message 105 to peer 0x55f1bef61f70 (15 bytes)
1777738674.745156 sending message 105 to peer 0x55f1bef61f70 (54 bytes)
1777738674.745162 sending message 105 to peer 0x55f1bef61f70 (30 bytes)
1777738674.745169 sending message 105 to peer 0x55f1bef61f70 (124 bytes)
1777738674.745175 sending message 105 to peer 0x55f1bef61f70 (38 bytes)
1777738674.745182 sending message 105 to peer 0x55f1bef61f70 (22 bytes)
1777738674.745188 sending message 105 to peer 0x55f1bef61f70 (19 bytes)
1777738674.745194 sending message 106 to peer 0x55f1bef61f70 (0 bytes)
1777738674.745250 cmd_pack_argv: argv[0]=new-session
1777738674.745259 cmd_pack_argv: argv[1]=-d
1777738674.745265 cmd_pack_argv: argv[2]=-s
1777738674.745270 cmd_pack_argv: argv[3]=test-verbose
1777738674.745275 sending message 200 to peer 0x55f1bef61f70 (35 bytes)
1777738674.745281 client loop enter
1777738674.756206 peer 0x55f1bef61f70 message 203
1777738674.756231 client loop exit
